<?xml version="1.0" encoding="UTF-8" ?>
<testsuite tests="5" failures="0" name="edu.bu.met.cs665.DeliveryAppTest" time="0.004" errors="0" skipped="0">
  <properties>
[...]
</properties>
  <testcase classname="edu.bu.met.cs665.DeliveryAppTest" name="test1" time="0.003"/>
  <testcase classname="edu.bu.met.cs665.DeliveryAppTest" name="test2" time="0"/>
  <testcase classname="edu.bu.met.cs665.DeliveryAppTest" name="test3" time="0"/>
  <testcase classname="edu.bu.met.cs665.DeliveryAppTest" name="test4" time="0"/>
  <testcase classname="edu.bu.met.cs665.DeliveryAppTest" name="test5" time="0.001"/>
</testsuite>